{
  "stats": {
    "suites": 1,
    "tests": 1,
    "passes": 1,
    "pending": 0,
    "failures": 0,
    "start": "2022-10-07T12:03:36.251Z",
    "end": "2022-10-07T12:03:42.245Z",
    "duration": 5994,
    "testsRegistered": 1,
    "passPercent": 100,
    "pendingPercent": 0,
    "other": 0,
    "hasOther": false,
    "skipped": 0,
    "hasSkipped": false
  },
  "results": [
    {
      "uuid": "1f8adca6-e9fd-46b3-b170-b978610d82b3",
      "title": "",
      "fullFile": "cypress/integration/testcases/Visibility.js",
      "file": "cypress/integration/testcases/Visibility.js",
      "beforeHooks": [],
      "afterHooks": [],
      "tests": [],
      "suites": [
        {
          "uuid": "d91ab673-8dfa-47dd-bdde-d51d6ba7d12d",
          "title": "Check element visibility and radio button check",
          "fullFile": "",
          "file": "",
          "beforeHooks": [],
          "afterHooks": [],
          "tests": [
            {
              "title": "illustrates element visible or not and radio button check example",
              "fullTitle": "Check element visibility and radio button check illustrates element visible or not and radio button check example",
              "timedOut": null,
              "duration": 4435,
              "state": "passed",
              "speed": "fast",
              "pass": true,
              "fail": false,
              "pending": false,
              "context": null,
              "code": "cy.visit('https://rahulshettyacademy.com/AutomationPractice/');\ncy.get('#displayed-text').should('be.visible');\ncy.get('#hide-textbox').click();\ncy.get('#displayed-text').should('not.be.visible');\ncy.get('#show-textbox').click();\ncy.get('#displayed-text').should('be.visible'); // radio buttons\ncy.get('[value=\"radio2\"]').check().should('be.checked');",
              "err": {},
              "uuid": "698f3874-5fe3-45a2-b1ad-d4ec267267cf",
              "parentUUID": "d91ab673-8dfa-47dd-bdde-d51d6ba7d12d",
              "isHook": false,
              "skipped": false
            }
          ],
          "suites": [],
          "passes": [
            "698f3874-5fe3-45a2-b1ad-d4ec267267cf"
          ],
          "failures": [],
          "pending": [],
          "skipped": [],
          "duration": 4435,
          "root": false,
          "rootEmpty": false,
          "_timeout": 2000
        }
      ],
      "passes": [],
      "failures": [],
      "pending": [],
      "skipped": [],
      "duration": 0,
      "root": true,
      "rootEmpty": true,
      "_timeout": 2000
    }
  ],
  "meta": {
    "mocha": {
      "version": "7.0.1"
    },
    "mochawesome": {
      "options": {
        "quiet": false,
        "reportFilename": "report",
        "saveHtml": true,
        "saveJson": true,
        "consoleReporter": "spec",
        "useInlineDiffs": false,
        "code": true
      },
      "version": "7.1.3"
    },
    "marge": {
      "options": {
        "reportDir": "cypress/reports",
        "reportFilename": "report",
        "overwrite": false,
        "html": true,
        "json": true,
        "charts": true
      },
      "version": "6.2.0"
    }
  }
}