{
  "stats": {
    "suites": 1,
    "tests": 1,
    "passes": 1,
    "pending": 0,
    "failures": 0,
    "start": "2022-10-07T12:03:03.498Z",
    "end": "2022-10-07T12:03:09.745Z",
    "duration": 6247,
    "testsRegistered": 1,
    "passPercent": 100,
    "pendingPercent": 0,
    "other": 0,
    "hasOther": false,
    "skipped": 0,
    "hasSkipped": false
  },
  "results": [
    {
      "uuid": "e7119a2c-664e-4b06-82bc-95ebe213a0ea",
      "title": "",
      "fullFile": "cypress/integration/testcases/Tables.js",
      "file": "cypress/integration/testcases/Tables.js",
      "beforeHooks": [],
      "afterHooks": [],
      "tests": [],
      "suites": [
        {
          "uuid": "472b2145-7713-4c6f-9111-2f05b3a099b7",
          "title": "Handle tables",
          "fullFile": "",
          "file": "",
          "beforeHooks": [],
          "afterHooks": [],
          "tests": [
            {
              "title": "Handle multiple tables and extract values of siblings",
              "fullTitle": "Handle tables Handle multiple tables and extract values of siblings",
              "timedOut": null,
              "duration": 4522,
              "state": "passed",
              "speed": "fast",
              "pass": true,
              "fail": false,
              "pending": false,
              "context": null,
              "code": "const tableLocator = 'table[id=\"product\"][name=\"courses\"] tr td:nth-child(2)'; //Check boxes\ncy.visit(\"https://rahulshettyacademy.com/AutomationPractice/\");\ncy.get(tableLocator).each((element, index) => {\n  const text = element.text();\n  if (text.includes(\"Python\")) {\n    cy.get(tableLocator).eq(index).next().then(function (price) {\n      const priceText = price.text();\n      expect(priceText).to.equal('25');\n    });\n  }\n});",
              "err": {},
              "uuid": "087bda7c-52d8-4289-842e-fe73f69630fd",
              "parentUUID": "472b2145-7713-4c6f-9111-2f05b3a099b7",
              "isHook": false,
              "skipped": false
            }
          ],
          "suites": [],
          "passes": [
            "087bda7c-52d8-4289-842e-fe73f69630fd"
          ],
          "failures": [],
          "pending": [],
          "skipped": [],
          "duration": 4522,
          "root": false,
          "rootEmpty": false,
          "_timeout": 2000
        }
      ],
      "passes": [],
      "failures": [],
      "pending": [],
      "skipped": [],
      "duration": 0,
      "root": true,
      "rootEmpty": true,
      "_timeout": 2000
    }
  ],
  "meta": {
    "mocha": {
      "version": "7.0.1"
    },
    "mochawesome": {
      "options": {
        "quiet": false,
        "reportFilename": "report",
        "saveHtml": true,
        "saveJson": true,
        "consoleReporter": "spec",
        "useInlineDiffs": false,
        "code": true
      },
      "version": "7.1.3"
    },
    "marge": {
      "options": {
        "reportDir": "cypress/reports",
        "reportFilename": "report",
        "overwrite": false,
        "html": true,
        "json": true,
        "charts": true
      },
      "version": "6.2.0"
    }
  }
}