{
  "stats": {
    "suites": 1,
    "tests": 1,
    "passes": 1,
    "pending": 0,
    "failures": 0,
    "start": "2022-10-07T12:02:18.292Z",
    "end": "2022-10-07T12:02:23.609Z",
    "duration": 5317,
    "testsRegistered": 1,
    "passPercent": 100,
    "pendingPercent": 0,
    "other": 0,
    "hasOther": false,
    "skipped": 0,
    "hasSkipped": false
  },
  "results": [
    {
      "uuid": "eb883e09-28dd-4c3e-a70e-8a2b33d01a3d",
      "title": "",
      "fullFile": "cypress/integration/testcases/DynamicDropDown.js",
      "file": "cypress/integration/testcases/DynamicDropDown.js",
      "beforeHooks": [],
      "afterHooks": [],
      "tests": [],
      "suites": [
        {
          "uuid": "d895340c-5910-40c4-b04d-404757cd6115",
          "title": "Handle Dynamic Dropdown",
          "fullFile": "",
          "file": "",
          "beforeHooks": [],
          "afterHooks": [],
          "tests": [
            {
              "title": "using check method provided by cypress",
              "fullTitle": "Handle Dynamic Dropdown using check method provided by cypress",
              "timedOut": null,
              "duration": 3717,
              "state": "passed",
              "speed": "fast",
              "pass": true,
              "fail": false,
              "pending": false,
              "context": null,
              "code": "cy.visit('https://rahulshettyacademy.com/AutomationPractice/');\ncy.get('#autocomplete').type('ind');\ncy.get('.ui-menu-item div').each(element => {\n  if (element.text() === \"India\") {\n    cy.wrap(element).click();\n  }\n}); //autocomplete\ncy.get('#autocomplete').should('have.value', 'India');",
              "err": {},
              "uuid": "206829d4-eae2-4700-ac12-10969220de9a",
              "parentUUID": "d895340c-5910-40c4-b04d-404757cd6115",
              "isHook": false,
              "skipped": false
            }
          ],
          "suites": [],
          "passes": [
            "206829d4-eae2-4700-ac12-10969220de9a"
          ],
          "failures": [],
          "pending": [],
          "skipped": [],
          "duration": 3717,
          "root": false,
          "rootEmpty": false,
          "_timeout": 2000
        }
      ],
      "passes": [],
      "failures": [],
      "pending": [],
      "skipped": [],
      "duration": 0,
      "root": true,
      "rootEmpty": true,
      "_timeout": 2000
    }
  ],
  "meta": {
    "mocha": {
      "version": "7.0.1"
    },
    "mochawesome": {
      "options": {
        "quiet": false,
        "reportFilename": "report",
        "saveHtml": true,
        "saveJson": true,
        "consoleReporter": "spec",
        "useInlineDiffs": false,
        "code": true
      },
      "version": "7.1.3"
    },
    "marge": {
      "options": {
        "reportDir": "cypress/reports",
        "reportFilename": "report",
        "overwrite": false,
        "html": true,
        "json": true,
        "charts": true
      },
      "version": "6.2.0"
    }
  }
}