{
  "stats": {
    "suites": 1,
    "tests": 1,
    "passes": 1,
    "pending": 0,
    "failures": 0,
    "start": "2022-10-07T12:02:56.234Z",
    "end": "2022-10-07T12:03:01.832Z",
    "duration": 5598,
    "testsRegistered": 1,
    "passPercent": 100,
    "pendingPercent": 0,
    "other": 0,
    "hasOther": false,
    "skipped": 0,
    "hasSkipped": false
  },
  "results": [
    {
      "uuid": "b1412a8c-dec4-4cfd-8099-7e19a7a0bb2d",
      "title": "",
      "fullFile": "cypress/integration/testcases/StaticDropDown.js",
      "file": "cypress/integration/testcases/StaticDropDown.js",
      "beforeHooks": [],
      "afterHooks": [],
      "tests": [],
      "suites": [
        {
          "uuid": "cce3e7d0-83c5-4c33-81c2-443f875cc488",
          "title": "Handle Static Dropdown",
          "fullFile": "",
          "file": "",
          "beforeHooks": [],
          "afterHooks": [],
          "tests": [
            {
              "title": "using check method provided by cypress",
              "fullTitle": "Handle Static Dropdown using check method provided by cypress",
              "timedOut": null,
              "duration": 3760,
              "state": "passed",
              "speed": "fast",
              "pass": true,
              "fail": false,
              "pending": false,
              "context": null,
              "code": "cy.visit('https://rahulshettyacademy.com/AutomationPractice/');\ncy.get('select').select('option2').should('have.value', 'option2');",
              "err": {},
              "uuid": "46d2046d-f7cd-42ef-8316-12f60f2fd4c9",
              "parentUUID": "cce3e7d0-83c5-4c33-81c2-443f875cc488",
              "isHook": false,
              "skipped": false
            }
          ],
          "suites": [],
          "passes": [
            "46d2046d-f7cd-42ef-8316-12f60f2fd4c9"
          ],
          "failures": [],
          "pending": [],
          "skipped": [],
          "duration": 3760,
          "root": false,
          "rootEmpty": false,
          "_timeout": 2000
        }
      ],
      "passes": [],
      "failures": [],
      "pending": [],
      "skipped": [],
      "duration": 0,
      "root": true,
      "rootEmpty": true,
      "_timeout": 2000
    }
  ],
  "meta": {
    "mocha": {
      "version": "7.0.1"
    },
    "mochawesome": {
      "options": {
        "quiet": false,
        "reportFilename": "report",
        "saveHtml": true,
        "saveJson": true,
        "consoleReporter": "spec",
        "useInlineDiffs": false,
        "code": true
      },
      "version": "7.1.3"
    },
    "marge": {
      "options": {
        "reportDir": "cypress/reports",
        "reportFilename": "report",
        "overwrite": false,
        "html": true,
        "json": true,
        "charts": true
      },
      "version": "6.2.0"
    }
  }
}