{
  "stats": {
    "suites": 1,
    "tests": 1,
    "passes": 1,
    "pending": 0,
    "failures": 0,
    "start": "2022-10-07T12:02:48.068Z",
    "end": "2022-10-07T12:02:54.708Z",
    "duration": 6640,
    "testsRegistered": 1,
    "passPercent": 100,
    "pendingPercent": 0,
    "other": 0,
    "hasOther": false,
    "skipped": 0,
    "hasSkipped": false
  },
  "results": [
    {
      "uuid": "daf87052-ff0e-4e11-982b-38f0ac6710c3",
      "title": "",
      "fullFile": "cypress/integration/testcases/MouseHover.js",
      "file": "cypress/integration/testcases/MouseHover.js",
      "beforeHooks": [],
      "afterHooks": [],
      "tests": [],
      "suites": [
        {
          "uuid": "09a17a0e-2f5b-4278-a114-5f3b094b3c75",
          "title": "Mouse Hover",
          "fullFile": "",
          "file": "",
          "beforeHooks": [],
          "afterHooks": [],
          "tests": [
            {
              "title": "Handling mouse hover in cypress",
              "fullTitle": "Mouse Hover Handling mouse hover in cypress",
              "timedOut": null,
              "duration": 5024,
              "state": "passed",
              "speed": "medium",
              "pass": true,
              "fail": false,
              "pending": false,
              "context": null,
              "code": "cy.visit('https://rahulshettyacademy.com/AutomationPractice/');\ncy.get('div.mouse-hover-content').invoke('show');\ncy.contains('Top').click(); // or simply use cypress command cy.contains('Top').click({force: true}) instead of jQuery\ncy.url().should('contain', 'top');",
              "err": {},
              "uuid": "fdbf37f4-b865-4cb7-9ecc-a3c4ef002f8e",
              "parentUUID": "09a17a0e-2f5b-4278-a114-5f3b094b3c75",
              "isHook": false,
              "skipped": false
            }
          ],
          "suites": [],
          "passes": [
            "fdbf37f4-b865-4cb7-9ecc-a3c4ef002f8e"
          ],
          "failures": [],
          "pending": [],
          "skipped": [],
          "duration": 5024,
          "root": false,
          "rootEmpty": false,
          "_timeout": 2000
        }
      ],
      "passes": [],
      "failures": [],
      "pending": [],
      "skipped": [],
      "duration": 0,
      "root": true,
      "rootEmpty": true,
      "_timeout": 2000
    }
  ],
  "meta": {
    "mocha": {
      "version": "7.0.1"
    },
    "mochawesome": {
      "options": {
        "quiet": false,
        "reportFilename": "report",
        "saveHtml": true,
        "saveJson": true,
        "consoleReporter": "spec",
        "useInlineDiffs": false,
        "code": true
      },
      "version": "7.1.3"
    },
    "marge": {
      "options": {
        "reportDir": "cypress/reports",
        "reportFilename": "report",
        "overwrite": false,
        "html": true,
        "json": true,
        "charts": true
      },
      "version": "6.2.0"
    }
  }
}