{
  "stats": {
    "suites": 1,
    "tests": 1,
    "passes": 1,
    "pending": 0,
    "failures": 0,
    "start": "2022-10-07T12:03:11.424Z",
    "end": "2022-10-07T12:03:17.868Z",
    "duration": 6444,
    "testsRegistered": 1,
    "passPercent": 100,
    "pendingPercent": 0,
    "other": 0,
    "hasOther": false,
    "skipped": 0,
    "hasSkipped": false
  },
  "results": [
    {
      "uuid": "12a1c044-9387-4509-896f-28a3226215e6",
      "title": "",
      "fullFile": "cypress/integration/testcases/Tabs.js",
      "file": "cypress/integration/testcases/Tabs.js",
      "beforeHooks": [],
      "afterHooks": [],
      "tests": [],
      "suites": [
        {
          "uuid": "6b278f82-d466-4ce5-8923-800ba9d31075",
          "title": "Tabs and Browser navigation",
          "fullFile": "",
          "file": "",
          "beforeHooks": [],
          "afterHooks": [],
          "tests": [
            {
              "title": "Handles tabs and window navigation",
              "fullTitle": "Tabs and Browser navigation Handles tabs and window navigation",
              "timedOut": null,
              "duration": 4733,
              "state": "passed",
              "speed": "fast",
              "pass": true,
              "fail": false,
              "pending": false,
              "context": null,
              "code": "cy.visit('https://rahulshettyacademy.com/AutomationPractice/'); // Cypres, by default, doesn't handle target=\"_blank\" which opens tab in new window. So, we need to remove the attribute using jQuery and click to open new tab in the same window\ncy.get('#opentab').invoke('removeAttr', 'target').click();\ncy.url().should('include', 'rahulshettyacademy');\ncy.go('back');",
              "err": {},
              "uuid": "206a810e-9db8-4655-98bb-a740a2069949",
              "parentUUID": "6b278f82-d466-4ce5-8923-800ba9d31075",
              "isHook": false,
              "skipped": false
            }
          ],
          "suites": [],
          "passes": [
            "206a810e-9db8-4655-98bb-a740a2069949"
          ],
          "failures": [],
          "pending": [],
          "skipped": [],
          "duration": 4733,
          "root": false,
          "rootEmpty": false,
          "_timeout": 2000
        }
      ],
      "passes": [],
      "failures": [],
      "pending": [],
      "skipped": [],
      "duration": 0,
      "root": true,
      "rootEmpty": true,
      "_timeout": 2000
    }
  ],
  "meta": {
    "mocha": {
      "version": "7.0.1"
    },
    "mochawesome": {
      "options": {
        "quiet": false,
        "reportFilename": "report",
        "saveHtml": true,
        "saveJson": true,
        "consoleReporter": "spec",
        "useInlineDiffs": false,
        "code": true
      },
      "version": "7.1.3"
    },
    "marge": {
      "options": {
        "reportDir": "cypress/reports",
        "reportFilename": "report",
        "overwrite": false,
        "html": true,
        "json": true,
        "charts": true
      },
      "version": "6.2.0"
    }
  }
}