{
  "stats": {
    "suites": 1,
    "tests": 1,
    "passes": 0,
    "pending": 0,
    "failures": 1,
    "start": "2022-10-07T12:03:19.588Z",
    "end": "2022-10-07T12:03:32.285Z",
    "duration": 12697,
    "testsRegistered": 1,
    "passPercent": 0,
    "pendingPercent": 0,
    "other": 0,
    "hasOther": false,
    "skipped": 0,
    "hasSkipped": false
  },
  "results": [
    {
      "uuid": "07573fdd-a0c2-40c8-833e-81fa584cf026",
      "title": "",
      "fullFile": "cypress/integration/testcases/Test1.js",
      "file": "cypress/integration/testcases/Test1.js",
      "beforeHooks": [],
      "afterHooks": [],
      "tests": [],
      "suites": [
        {
          "uuid": "73426b4b-88e0-4104-a998-1c6623612c3d",
          "title": "My first test suite",
          "fullFile": "",
          "file": "",
          "beforeHooks": [],
          "afterHooks": [],
          "tests": [
            {
              "title": "My first test case",
              "fullTitle": "My first test suite My first test case",
              "timedOut": null,
              "duration": 10950,
              "state": "failed",
              "speed": null,
              "pass": false,
              "fail": true,
              "pending": false,
              "context": null,
              "code": "cy.visit(Cypress.env('url'));\ncy.get('.search-keyword').type('ca');\ncy.wait(2000);\ncy.get('.product:visible').should('have.length', 4); // Parent children chaining\ncy.get('.products').as('productLocator');\ncy.get('@productLocator').find('.product').should('have.length', 4); // Another easy way\ncy.get('@productLocator').children().should('have.length', 4); // Click Add to cart for the third product after verifying the button test\ncy.get('@productLocator').find('.product').eq(2).contains('ADD TO CART').click(); // Add to car a item base on product name\ncy.get('@productLocator').find('.product').each(element => {\n  const itemName = element.find('h4.product-name').text();\n  if (itemName.includes('Cashews')) {\n    // element.find('button').click() // it is depreciated and we need to resolve a promise to make it wrap\n    cy.wrap(element).find('button').click();\n  }\n}); // JQuery vs cypress commands\nconst logo = cy.get('.brand'); //cy.log(logo.text()) // it gives error: logo.text is not a function. And we have to resolve the promise using .then() as mentioned below\n// const logo = is not cypress code. Even .text() is not a cypress command.\n// it will work fine but cypress doesn't recommend it to use .then() as they are handling it by themselves.\nconst logo_ = cy.get('.brand').then(response => {\n  cy.log(response.text());\n});\ncy.get('#opentab').then(response => {\n  const url = response.prop('href');\n  cy.visit(url);\n});",
              "err": {
                "message": "AssertionError: Timed out retrying after 6000ms: Expected to find element: `#opentab`, but never found it.",
                "estack": "AssertionError: Timed out retrying after 6000ms: Expected to find element: `#opentab`, but never found it.\n    at Context.eval (webpack:///./cypress/integration/testcases/Test1.js:40:11)",
                "diff": null
              },
              "uuid": "067323f6-51bc-4a55-8afc-76e385e70456",
              "parentUUID": "73426b4b-88e0-4104-a998-1c6623612c3d",
              "isHook": false,
              "skipped": false
            }
          ],
          "suites": [],
          "passes": [],
          "failures": [
            "067323f6-51bc-4a55-8afc-76e385e70456"
          ],
          "pending": [],
          "skipped": [],
          "duration": 10950,
          "root": false,
          "rootEmpty": false,
          "_timeout": 2000
        }
      ],
      "passes": [],
      "failures": [],
      "pending": [],
      "skipped": [],
      "duration": 0,
      "root": true,
      "rootEmpty": true,
      "_timeout": 2000
    }
  ],
  "meta": {
    "mocha": {
      "version": "7.0.1"
    },
    "mochawesome": {
      "options": {
        "quiet": false,
        "reportFilename": "report",
        "saveHtml": true,
        "saveJson": true,
        "consoleReporter": "spec",
        "useInlineDiffs": false,
        "code": true
      },
      "version": "7.1.3"
    },
    "marge": {
      "options": {
        "reportDir": "cypress/reports",
        "reportFilename": "report",
        "overwrite": false,
        "html": true,
        "json": true,
        "charts": true
      },
      "version": "6.2.0"
    }
  }
}