{
  "stats": {
    "suites": 1,
    "tests": 1,
    "passes": 1,
    "pending": 0,
    "failures": 0,
    "start": "2022-10-07T12:02:00.368Z",
    "end": "2022-10-07T12:02:08.908Z",
    "duration": 8540,
    "testsRegistered": 1,
    "passPercent": 100,
    "pendingPercent": 0,
    "other": 0,
    "hasOther": false,
    "skipped": 0,
    "hasSkipped": false
  },
  "results": [
    {
      "uuid": "bb039af0-bf54-4582-85b8-407585492b11",
      "title": "",
      "fullFile": "cypress/integration/testcases/Alerts.js",
      "file": "cypress/integration/testcases/Alerts.js",
      "beforeHooks": [],
      "afterHooks": [],
      "tests": [],
      "suites": [
        {
          "uuid": "69377068-4259-46ef-9b4b-3904370eb799",
          "title": "Alerts and confirm alerts",
          "fullFile": "",
          "file": "",
          "beforeHooks": [],
          "afterHooks": [],
          "tests": [
            {
              "title": "check for alerts and confirm alerts",
              "fullTitle": "Alerts and confirm alerts check for alerts and confirm alerts",
              "timedOut": null,
              "duration": 6524,
              "state": "passed",
              "speed": "medium",
              "pass": true,
              "fail": false,
              "pending": false,
              "context": null,
              "code": "cy.visit('https://rahulshettyacademy.com/AutomationPractice/');\ncy.get('#alertbtn').click();\ncy.get('[value=\"Confirm\"]').click(); //window:alert\ncy.on('window:alert', response => {\n  //Mocha\n  expect(response).to.equal('Hello , share this practice page and share your knowledge');\n});\ncy.on('window:confirm', response => {\n  //Mocha\n  expect(response).to.equal('Hello , Are you sure you want to confirm?');\n});",
              "err": {},
              "uuid": "4aa37d6b-ad1d-4b6a-80f9-74b891c64e30",
              "parentUUID": "69377068-4259-46ef-9b4b-3904370eb799",
              "isHook": false,
              "skipped": false
            }
          ],
          "suites": [],
          "passes": [
            "4aa37d6b-ad1d-4b6a-80f9-74b891c64e30"
          ],
          "failures": [],
          "pending": [],
          "skipped": [],
          "duration": 6524,
          "root": false,
          "rootEmpty": false,
          "_timeout": 2000
        }
      ],
      "passes": [],
      "failures": [],
      "pending": [],
      "skipped": [],
      "duration": 0,
      "root": true,
      "rootEmpty": true,
      "_timeout": 2000
    }
  ],
  "meta": {
    "mocha": {
      "version": "7.0.1"
    },
    "mochawesome": {
      "options": {
        "quiet": false,
        "reportFilename": "report",
        "saveHtml": true,
        "saveJson": true,
        "consoleReporter": "spec",
        "useInlineDiffs": false,
        "code": true
      },
      "version": "7.1.3"
    },
    "marge": {
      "options": {
        "reportDir": "cypress/reports",
        "reportFilename": "report",
        "overwrite": false,
        "html": true,
        "json": true,
        "charts": true
      },
      "version": "6.2.0"
    }
  }
}