{
  "stats": {
    "suites": 1,
    "tests": 1,
    "passes": 1,
    "pending": 0,
    "failures": 0,
    "start": "2022-10-07T10:38:50.541Z",
    "end": "2022-10-07T10:39:00.553Z",
    "duration": 10012,
    "testsRegistered": 1,
    "passPercent": 100,
    "pendingPercent": 0,
    "other": 0,
    "hasOther": false,
    "skipped": 0,
    "hasSkipped": false
  },
  "results": [
    {
      "uuid": "2f803588-7033-4c02-8f54-b5c1584f66e0",
      "title": "",
      "fullFile": "cypress/integration/testcases/Visibility.js",
      "file": "cypress/integration/testcases/Visibility.js",
      "beforeHooks": [],
      "afterHooks": [],
      "tests": [],
      "suites": [
        {
          "uuid": "52d56107-60a6-4ece-b017-a13bf95b8eff",
          "title": "Check element visibility and radio button check",
          "fullFile": "",
          "file": "",
          "beforeHooks": [],
          "afterHooks": [],
          "tests": [
            {
              "title": "illustrates element visible or not and radio button check example",
              "fullTitle": "Check element visibility and radio button check illustrates element visible or not and radio button check example",
              "timedOut": null,
              "duration": 8154,
              "state": "passed",
              "speed": "medium",
              "pass": true,
              "fail": false,
              "pending": false,
              "context": null,
              "code": "cy.visit('https://rahulshettyacademy.com/AutomationPractice/');\ncy.get('#displayed-text').should('be.visible');\ncy.get('#hide-textbox').click();\ncy.get('#displayed-text').should('not.be.visible');\ncy.get('#show-textbox').click();\ncy.get('#displayed-text').should('be.visible'); // radio buttons\ncy.get('[value=\"radio2\"]').check().should('be.checked');",
              "err": {},
              "uuid": "d5d905a2-25c9-4dd8-af44-76a1118be312",
              "parentUUID": "52d56107-60a6-4ece-b017-a13bf95b8eff",
              "isHook": false,
              "skipped": false
            }
          ],
          "suites": [],
          "passes": [
            "d5d905a2-25c9-4dd8-af44-76a1118be312"
          ],
          "failures": [],
          "pending": [],
          "skipped": [],
          "duration": 8154,
          "root": false,
          "rootEmpty": false,
          "_timeout": 2000
        }
      ],
      "passes": [],
      "failures": [],
      "pending": [],
      "skipped": [],
      "duration": 0,
      "root": true,
      "rootEmpty": true,
      "_timeout": 2000
    }
  ],
  "meta": {
    "mocha": {
      "version": "7.0.1"
    },
    "mochawesome": {
      "options": {
        "quiet": false,
        "reportFilename": "mochawesome",
        "saveHtml": true,
        "saveJson": true,
        "consoleReporter": "spec",
        "useInlineDiffs": false,
        "code": true
      },
      "version": "7.1.3"
    },
    "marge": {
      "options": null,
      "version": "6.2.0"
    }
  }
}